The following package(s) will be updated in the lockfile:

# CRAN ===============================
- R6            [* -> 2.5.0]
- Rcpp          [* -> 1.0.6]
- assertthat    [* -> 0.2.1]
- backports     [* -> 1.2.1]
- base64enc     [* -> 0.1-3]
- bslib         [* -> 0.2.4]
- cachem        [* -> 1.0.4]
- checkmate     [* -> 2.0.0]
- commonmark    [* -> 1.7]
- crayon        [* -> 1.4.1]
- curl          [* -> 4.3]
- digest        [* -> 0.6.27]
- ellipsis      [* -> 0.3.1]
- evaluate      [* -> 0.14]
- fastmap       [* -> 1.1.0]
- fs            [* -> 1.5.0]
- glue          [* -> 1.4.2]
- highr         [* -> 0.9]
- htmlwidgets   [* -> 1.5.3]
- httpuv        [* -> 1.6.0]
- jquerylib     [* -> 0.1.3]
- jsonlite      [* -> 1.7.2]
- knitr         [* -> 1.32]
- later         [* -> 1.2.0]
- lifecycle     [* -> 1.0.0]
- magrittr      [* -> 2.0.1]
- markdown      [* -> 1.1]
- mime          [* -> 0.10]
- promises      [* -> 1.2.0.1]
- rappdirs      [* -> 0.3.3]
- rlang         [* -> 0.4.10]
- rmarkdown     [* -> 2.7]
- rprojroot     [* -> 2.0.2]
- sass          [* -> 0.3.1]
- shiny         [* -> 1.6.0]
- sourcetools   [* -> 0.1.7]
- stringi       [* -> 1.5.3]
- stringr       [* -> 1.4.0]
- tinytex       [* -> 0.31]
- withr         [* -> 2.4.2]
- xfun          [* -> 0.22]
- xtable        [* -> 1.8-4]
- yaml          [* -> 2.2.1]

# GitHub =============================
- htmltools     [* -> rstudio/htmltools@11cfbf3b331387922c0144203cf6e947c8bdaee9]
- learnr        [* -> rstudio/learnr@428d9af1506447f68890724bfc619ed1f2e7cfc0]
- parsons       [* -> rstudio/parsons@42d0bfb8f23a3c8048cc4c1fbca95a0ef1e0bca3]
- sortable      [* -> rstudio/sortable]

Do you want to proceed? [y/N]: y
* Lockfile written to '~/notes/default/reprex/renv-double/renv.lock'.
